2021/02/17 05:51:51 PlatformError: WGL: Failed to make context current: 不支持请求的转换操作。 
2021/02/17 08:01:53 选择Sheet： Sheet1
2021/02/17 08:02:00 检查表格数据： C:/Users/wangy/Desktop/source.xlsx
2021/02/17 08:02:00 读取文件夹： C:\Users\wangy\go\src\github.com\3RM1N3\timesoft-tools\cli\鲜总分件\路达 - 副本
2021/02/17 08:02:00 读取文件夹： C:\Users\wangy\go\src\github.com\3RM1N3\timesoft-tools\cli\鲜总分件\路达 - 副本/WS·2018-2·1-001
2021/02/17 08:02:00 将 1.jpg 从 C:\Users\wangy\go\src\github.com\3RM1N3\timesoft-tools\cli\鲜总分件\路达 - 副本/WS·2018-2·1-001 移动到 C:\Users\wangy\go\src\github.com\3RM1N3\timesoft-tools\cli\鲜总分件\路达 - 副本/WS·2018-2·1-001/WS·2018-2·1-001-00000001
2021/02/17 08:02:00 将 2.jpg 从 C:\Users\wangy\go\src\github.com\3RM1N3\timesoft-tools\cli\鲜总分件\路达 - 副本/WS·2018-2·1-001 移动到 C:\Users\wangy\go\src\github.com\3RM1N3\timesoft-tools\cli\鲜总分件\路达 - 副本/WS·2018-2·1-001/WS·2018-2·1-001-00000001
2021/02/17 08:02:00 将 3.jpg 从 C:\Users\wangy\go\src\github.com\3RM1N3\timesoft-tools\cli\鲜总分件\路达 - 副本/WS·2018-2·1-001 移动到 C:\Users\wangy\go\src\github.com\3RM1N3\timesoft-tools\cli\鲜总分件\路达 - 副本/WS·2018-2·1-001/WS·2018-2·1-001-00000001
2021/02/17 08:02:00 将 4.jpg 从 C:\Users\wangy\go\src\github.com\3RM1N3\timesoft-tools\cli\鲜总分件\路达 - 副本/WS·2018-2·1-001 移动到 C:\Users\wangy\go\src\github.com\3RM1N3\timesoft-tools\cli\鲜总分件\路达 - 副本/WS·2018-2·1-001/WS·2018-2·1-001-00000001
2021/02/17 08:02:00 将 5.jpg 从 C:\Users\wangy\go\src\github.com\3RM1N3\timesoft-tools\cli\鲜总分件\路达 - 副本/WS·2018-2·1-001 移动到 C:\Users\wangy\go\src\github.com\3RM1N3\timesoft-tools\cli\鲜总分件\路达 - 副本/WS·2018-2·1-001/WS·2018-2·1-001-00000001
2021/02/17 08:02:00 将 6.jpg 从 C:\Users\wangy\go\src\github.com\3RM1N3\timesoft-tools\cli\鲜总分件\路达 - 副本/WS·2018-2·1-001 移动到 C:\Users\wangy\go\src\github.com\3RM1N3\timesoft-tools\cli\鲜总分件\路达 - 副本/WS·2018-2·1-001/WS·2018-2·1-001-00000002
2021/02/17 08:02:00 将 7.jpg 从 C:\Users\wangy\go\src\github.com\3RM1N3\timesoft-tools\cli\鲜总分件\路达 - 副本/WS·2018-2·1-001 移动到 C:\Users\wangy\go\src\github.com\3RM1N3\timesoft-tools\cli\鲜总分件\路达 - 副本/WS·2018-2·1-001/WS·2018-2·1-001-00000002
2021/02/17 08:02:00 将 8.jpg 从 C:\Users\wangy\go\src\github.com\3RM1N3\timesoft-tools\cli\鲜总分件\路达 - 副本/WS·2018-2·1-001 移动到 C:\Users\wangy\go\src\github.com\3RM1N3\timesoft-tools\cli\鲜总分件\路达 - 副本/WS·2018-2·1-001/WS·2018-2·1-001-00000002
2021/02/17 08:02:00 将 9.jpg 从 C:\Users\wangy\go\src\github.com\3RM1N3\timesoft-tools\cli\鲜总分件\路达 - 副本/WS·2018-2·1-001 移动到 C:\Users\wangy\go\src\github.com\3RM1N3\timesoft-tools\cli\鲜总分件\路达 - 副本/WS·2018-2·1-001/WS·2018-2·1-001-00000002
2021/02/17 08:02:00 将 10.jpg 从 C:\Users\wangy\go\src\github.com\3RM1N3\timesoft-tools\cli\鲜总分件\路达 - 副本/WS·2018-2·1-001 移动到 C:\Users\wangy\go\src\github.com\3RM1N3\timesoft-tools\cli\鲜总分件\路达 - 副本/WS·2018-2·1-001/WS·2018-2·1-001-00000002
2021/02/17 08:02:00 将 11.jpg 从 C:\Users\wangy\go\src\github.com\3RM1N3\timesoft-tools\cli\鲜总分件\路达 - 副本/WS·2018-2·1-001 移动到 C:\Users\wangy\go\src\github.com\3RM1N3\timesoft-tools\cli\鲜总分件\路达 - 副本/WS·2018-2·1-001/WS·2018-2·1-001-00000002
2021/02/17 08:02:00 将 12.jpg 从 C:\Users\wangy\go\src\github.com\3RM1N3\timesoft-tools\cli\鲜总分件\路达 - 副本/WS·2018-2·1-001 移动到 C:\Users\wangy\go\src\github.com\3RM1N3\timesoft-tools\cli\鲜总分件\路达 - 副本/WS·2018-2·1-001/WS·2018-2·1-001-00000002
2021/02/17 08:02:00 将 13.jpg 从 C:\Users\wangy\go\src\github.com\3RM1N3\timesoft-tools\cli\鲜总分件\路达 - 副本/WS·2018-2·1-001 移动到 C:\Users\wangy\go\src\github.com\3RM1N3\timesoft-tools\cli\鲜总分件\路达 - 副本/WS·2018-2·1-001/WS·2018-2·1-001-00000003
2021/02/17 08:02:00 将 14.jpg 从 C:\Users\wangy\go\src\github.com\3RM1N3\timesoft-tools\cli\鲜总分件\路达 - 副本/WS·2018-2·1-001 移动到 C:\Users\wangy\go\src\github.com\3RM1N3\timesoft-tools\cli\鲜总分件\路达 - 副本/WS·2018-2·1-001/WS·2018-2·1-001-00000003
2021/02/17 08:02:00 将 15.jpg 从 C:\Users\wangy\go\src\github.com\3RM1N3\timesoft-tools\cli\鲜总分件\路达 - 副本/WS·2018-2·1-001 移动到 C:\Users\wangy\go\src\github.com\3RM1N3\timesoft-tools\cli\鲜总分件\路达 - 副本/WS·2018-2·1-001/WS·2018-2·1-001-00000003
2021/02/17 08:02:00 将 16.jpg 从 C:\Users\wangy\go\src\github.com\3RM1N3\timesoft-tools\cli\鲜总分件\路达 - 副本/WS·2018-2·1-001 移动到 C:\Users\wangy\go\src\github.com\3RM1N3\timesoft-tools\cli\鲜总分件\路达 - 副本/WS·2018-2·1-001/WS·2018-2·1-001-00000003
2021/02/17 08:02:00 将 17.jpg 从 C:\Users\wangy\go\src\github.com\3RM1N3\timesoft-tools\cli\鲜总分件\路达 - 副本/WS·2018-2·1-001 移动到 C:\Users\wangy\go\src\github.com\3RM1N3\timesoft-tools\cli\鲜总分件\路达 - 副本/WS·2018-2·1-001/WS·2018-2·1-001-00000003
2021/02/17 08:02:00 将 18.jpg 从 C:\Users\wangy\go\src\github.com\3RM1N3\timesoft-tools\cli\鲜总分件\路达 - 副本/WS·2018-2·1-001 移动到 C:\Users\wangy\go\src\github.com\3RM1N3\timesoft-tools\cli\鲜总分件\路达 - 副本/WS·2018-2·1-001/WS·2018-2·1-001-00000003
2021/02/17 08:02:00 将 19.jpg 从 C:\Users\wangy\go\src\github.com\3RM1N3\timesoft-tools\cli\鲜总分件\路达 - 副本/WS·2018-2·1-001 移动到 C:\Users\wangy\go\src\github.com\3RM1N3\timesoft-tools\cli\鲜总分件\路达 - 副本/WS·2018-2·1-001/WS·2018-2·1-001-00000003
2021/02/17 08:02:00 将 20.jpg 从 C:\Users\wangy\go\src\github.com\3RM1N3\timesoft-tools\cli\鲜总分件\路达 - 副本/WS·2018-2·1-001 移动到 C:\Users\wangy\go\src\github.com\3RM1N3\timesoft-tools\cli\鲜总分件\路达 - 副本/WS·2018-2·1-001/WS·2018-2·1-001-00000003
2021/02/17 08:02:00 将 21.jpg 从 C:\Users\wangy\go\src\github.com\3RM1N3\timesoft-tools\cli\鲜总分件\路达 - 副本/WS·2018-2·1-001 移动到 C:\Users\wangy\go\src\github.com\3RM1N3\timesoft-tools\cli\鲜总分件\路达 - 副本/WS·2018-2·1-001/WS·2018-2·1-001-00000003
2021/02/17 08:02:00 将 22.jpg 从 C:\Users\wangy\go\src\github.com\3RM1N3\timesoft-tools\cli\鲜总分件\路达 - 副本/WS·2018-2·1-001 移动到 C:\Users\wangy\go\src\github.com\3RM1N3\timesoft-tools\cli\鲜总分件\路达 - 副本/WS·2018-2·1-001/WS·2018-2·1-001-00000004
2021/02/17 08:02:00 将 23.jpg 从 C:\Users\wangy\go\src\github.com\3RM1N3\timesoft-tools\cli\鲜总分件\路达 - 副本/WS·2018-2·1-001 移动到 C:\Users\wangy\go\src\github.com\3RM1N3\timesoft-tools\cli\鲜总分件\路达 - 副本/WS·2018-2·1-001/WS·2018-2·1-001-00000004
2021/02/17 08:02:00 将 24.jpg 从 C:\Users\wangy\go\src\github.com\3RM1N3\timesoft-tools\cli\鲜总分件\路达 - 副本/WS·2018-2·1-001 移动到 C:\Users\wangy\go\src\github.com\3RM1N3\timesoft-tools\cli\鲜总分件\路达 - 副本/WS·2018-2·1-001/WS·2018-2·1-001-00000004
2021/02/17 08:02:00 将 25.jpg 从 C:\Users\wangy\go\src\github.com\3RM1N3\timesoft-tools\cli\鲜总分件\路达 - 副本/WS·2018-2·1-001 移动到 C:\Users\wangy\go\src\github.com\3RM1N3\timesoft-tools\cli\鲜总分件\路达 - 副本/WS·2018-2·1-001/WS·2018-2·1-001-00000005
2021/02/17 08:02:00 将 26.jpg 从 C:\Users\wangy\go\src\github.com\3RM1N3\timesoft-tools\cli\鲜总分件\路达 - 副本/WS·2018-2·1-001 移动到 C:\Users\wangy\go\src\github.com\3RM1N3\timesoft-tools\cli\鲜总分件\路达 - 副本/WS·2018-2·1-001/WS·2018-2·1-001-00000005
2021/02/17 08:02:00 将 27.jpg 从 C:\Users\wangy\go\src\github.com\3RM1N3\timesoft-tools\cli\鲜总分件\路达 - 副本/WS·2018-2·1-001 移动到 C:\Users\wangy\go\src\github.com\3RM1N3\timesoft-tools\cli\鲜总分件\路达 - 副本/WS·2018-2·1-001/WS·2018-2·1-001-00000005
2021/02/17 08:02:00 将 28.jpg 从 C:\Users\wangy\go\src\github.com\3RM1N3\timesoft-tools\cli\鲜总分件\路达 - 副本/WS·2018-2·1-001 移动到 C:\Users\wangy\go\src\github.com\3RM1N3\timesoft-tools\cli\鲜总分件\路达 - 副本/WS·2018-2·1-001/WS·2018-2·1-001-00000005
2021/02/17 08:02:00 将 29.jpg 从 C:\Users\wangy\go\src\github.com\3RM1N3\timesoft-tools\cli\鲜总分件\路达 - 副本/WS·2018-2·1-001 移动到 C:\Users\wangy\go\src\github.com\3RM1N3\timesoft-tools\cli\鲜总分件\路达 - 副本/WS·2018-2·1-001/WS·2018-2·1-001-00000005
2021/02/17 08:02:00 将 30.jpg 从 C:\Users\wangy\go\src\github.com\3RM1N3\timesoft-tools\cli\鲜总分件\路达 - 副本/WS·2018-2·1-001 移动到 C:\Users\wangy\go\src\github.com\3RM1N3\timesoft-tools\cli\鲜总分件\路达 - 副本/WS·2018-2·1-001/WS·2018-2·1-001-00000005
2021/02/17 08:02:00 将 31.jpg 从 C:\Users\wangy\go\src\github.com\3RM1N3\timesoft-tools\cli\鲜总分件\路达 - 副本/WS·2018-2·1-001 移动到 C:\Users\wangy\go\src\github.com\3RM1N3\timesoft-tools\cli\鲜总分件\路达 - 副本/WS·2018-2·1-001/WS·2018-2·1-001-00000005
2021/02/17 08:02:00 将 32.jpg 从 C:\Users\wangy\go\src\github.com\3RM1N3\timesoft-tools\cli\鲜总分件\路达 - 副本/WS·2018-2·1-001 移动到 C:\Users\wangy\go\src\github.com\3RM1N3\timesoft-tools\cli\鲜总分件\路达 - 副本/WS·2018-2·1-001/WS·2018-2·1-001-00000005
2021/02/17 08:02:00 将 33.jpg 从 C:\Users\wangy\go\src\github.com\3RM1N3\timesoft-tools\cli\鲜总分件\路达 - 副本/WS·2018-2·1-001 移动到 C:\Users\wangy\go\src\github.com\3RM1N3\timesoft-tools\cli\鲜总分件\路达 - 副本/WS·2018-2·1-001/WS·2018-2·1-001-00000005
2021/02/17 08:02:00 将 34.jpg 从 C:\Users\wangy\go\src\github.com\3RM1N3\timesoft-tools\cli\鲜总分件\路达 - 副本/WS·2018-2·1-001 移动到 C:\Users\wangy\go\src\github.com\3RM1N3\timesoft-tools\cli\鲜总分件\路达 - 副本/WS·2018-2·1-001/WS·2018-2·1-001-00000006
2021/02/17 08:02:00 将 35.jpg 从 C:\Users\wangy\go\src\github.com\3RM1N3\timesoft-tools\cli\鲜总分件\路达 - 副本/WS·2018-2·1-001 移动到 C:\Users\wangy\go\src\github.com\3RM1N3\timesoft-tools\cli\鲜总分件\路达 - 副本/WS·2018-2·1-001/WS·2018-2·1-001-00000006
2021/02/17 08:02:00 将 36.jpg 从 C:\Users\wangy\go\src\github.com\3RM1N3\timesoft-tools\cli\鲜总分件\路达 - 副本/WS·2018-2·1-001 移动到 C:\Users\wangy\go\src\github.com\3RM1N3\timesoft-tools\cli\鲜总分件\路达 - 副本/WS·2018-2·1-001/WS·2018-2·1-001-00000006
2021/02/17 08:02:00 将 37.jpg 从 C:\Users\wangy\go\src\github.com\3RM1N3\timesoft-tools\cli\鲜总分件\路达 - 副本/WS·2018-2·1-001 移动到 C:\Users\wangy\go\src\github.com\3RM1N3\timesoft-tools\cli\鲜总分件\路达 - 副本/WS·2018-2·1-001/WS·2018-2·1-001-00000006
2021/02/17 08:02:00 将 38.jpg 从 C:\Users\wangy\go\src\github.com\3RM1N3\timesoft-tools\cli\鲜总分件\路达 - 副本/WS·2018-2·1-001 移动到 C:\Users\wangy\go\src\github.com\3RM1N3\timesoft-tools\cli\鲜总分件\路达 - 副本/WS·2018-2·1-001/WS·2018-2·1-001-00000006
2021/02/17 08:02:00 将 39.jpg 从 C:\Users\wangy\go\src\github.com\3RM1N3\timesoft-tools\cli\鲜总分件\路达 - 副本/WS·2018-2·1-001 移动到 C:\Users\wangy\go\src\github.com\3RM1N3\timesoft-tools\cli\鲜总分件\路达 - 副本/WS·2018-2·1-001/WS·2018-2·1-001-00000007
2021/02/17 08:02:00 将 40.jpg 从 C:\Users\wangy\go\src\github.com\3RM1N3\timesoft-tools\cli\鲜总分件\路达 - 副本/WS·2018-2·1-001 移动到 C:\Users\wangy\go\src\github.com\3RM1N3\timesoft-tools\cli\鲜总分件\路达 - 副本/WS·2018-2·1-001/WS·2018-2·1-001-00000007
2021/02/17 08:02:00 将 41.jpg 从 C:\Users\wangy\go\src\github.com\3RM1N3\timesoft-tools\cli\鲜总分件\路达 - 副本/WS·2018-2·1-001 移动到 C:\Users\wangy\go\src\github.com\3RM1N3\timesoft-tools\cli\鲜总分件\路达 - 副本/WS·2018-2·1-001/WS·2018-2·1-001-00000007
2021/02/17 08:02:00 将 42.jpg 从 C:\Users\wangy\go\src\github.com\3RM1N3\timesoft-tools\cli\鲜总分件\路达 - 副本/WS·2018-2·1-001 移动到 C:\Users\wangy\go\src\github.com\3RM1N3\timesoft-tools\cli\鲜总分件\路达 - 副本/WS·2018-2·1-001/WS·2018-2·1-001-00000007
2021/02/17 08:02:00 将 43.jpg 从 C:\Users\wangy\go\src\github.com\3RM1N3\timesoft-tools\cli\鲜总分件\路达 - 副本/WS·2018-2·1-001 移动到 C:\Users\wangy\go\src\github.com\3RM1N3\timesoft-tools\cli\鲜总分件\路达 - 副本/WS·2018-2·1-001/WS·2018-2·1-001-00000008
2021/02/17 08:02:00 将 44.jpg 从 C:\Users\wangy\go\src\github.com\3RM1N3\timesoft-tools\cli\鲜总分件\路达 - 副本/WS·2018-2·1-001 移动到 C:\Users\wangy\go\src\github.com\3RM1N3\timesoft-tools\cli\鲜总分件\路达 - 副本/WS·2018-2·1-001/WS·2018-2·1-001-00000008
2021/02/17 08:02:00 将 45.jpg 从 C:\Users\wangy\go\src\github.com\3RM1N3\timesoft-tools\cli\鲜总分件\路达 - 副本/WS·2018-2·1-001 移动到 C:\Users\wangy\go\src\github.com\3RM1N3\timesoft-tools\cli\鲜总分件\路达 - 副本/WS·2018-2·1-001/WS·2018-2·1-001-00000008
2021/02/17 08:02:00 将 46.jpg 从 C:\Users\wangy\go\src\github.com\3RM1N3\timesoft-tools\cli\鲜总分件\路达 - 副本/WS·2018-2·1-001 移动到 C:\Users\wangy\go\src\github.com\3RM1N3\timesoft-tools\cli\鲜总分件\路达 - 副本/WS·2018-2·1-001/WS·2018-2·1-001-00000009
2021/02/17 08:02:00 将 47.jpg 从 C:\Users\wangy\go\src\github.com\3RM1N3\timesoft-tools\cli\鲜总分件\路达 - 副本/WS·2018-2·1-001 移动到 C:\Users\wangy\go\src\github.com\3RM1N3\timesoft-tools\cli\鲜总分件\路达 - 副本/WS·2018-2·1-001/WS·2018-2·1-001-00000009
2021/02/17 08:02:00 将 48.jpg 从 C:\Users\wangy\go\src\github.com\3RM1N3\timesoft-tools\cli\鲜总分件\路达 - 副本/WS·2018-2·1-001 移动到 C:\Users\wangy\go\src\github.com\3RM1N3\timesoft-tools\cli\鲜总分件\路达 - 副本/WS·2018-2·1-001/WS·2018-2·1-001-00000010
2021/02/17 08:02:00 将 49.jpg 从 C:\Users\wangy\go\src\github.com\3RM1N3\timesoft-tools\cli\鲜总分件\路达 - 副本/WS·2018-2·1-001 移动到 C:\Users\wangy\go\src\github.com\3RM1N3\timesoft-tools\cli\鲜总分件\路达 - 副本/WS·2018-2·1-001/WS·2018-2·1-001-00000010
2021/02/17 08:02:00 将 50.jpg 从 C:\Users\wangy\go\src\github.com\3RM1N3\timesoft-tools\cli\鲜总分件\路达 - 副本/WS·2018-2·1-001 移动到 C:\Users\wangy\go\src\github.com\3RM1N3\timesoft-tools\cli\鲜总分件\路达 - 副本/WS·2018-2·1-001/WS·2018-2·1-001-00000010
2021/02/17 08:02:00 将 51.jpg 从 C:\Users\wangy\go\src\github.com\3RM1N3\timesoft-tools\cli\鲜总分件\路达 - 副本/WS·2018-2·1-001 移动到 C:\Users\wangy\go\src\github.com\3RM1N3\timesoft-tools\cli\鲜总分件\路达 - 副本/WS·2018-2·1-001/WS·2018-2·1-001-00000010
2021/02/17 08:02:00 完成
2021/02/17 08:02:55 选择Sheet： Sheet1
